c:\dev\mtx_engine\build\debug-windows-x86_64\mtx\mtx.pch
c:\dev\mtx_engine\build\debug-windows-x86_64\mtx\mtx.pdb
c:\dev\mtx_engine\build\debug-windows-x86_64\mtx\mtx.idb
c:\dev\mtx_engine\build\debug-windows-x86_64\mtx\pch.obj
c:\dev\mtx_engine\build\debug-windows-x86_64\mtx\rendererapi.obj
c:\dev\mtx_engine\build\debug-windows-x86_64\mtx\renderer.obj
c:\dev\mtx_engine\build\debug-windows-x86_64\mtx\rendercommand.obj
c:\dev\mtx_engine\build\debug-windows-x86_64\mtx\windowswindow.obj
c:\dev\mtx_engine\build\debug-windows-x86_64\mtx\direct3drendererapi.obj
c:\dev\mtx_engine\build\debug-windows-x86_64\mtx\direct3dcontext.obj
c:\dev\mtx_engine\build\debug-windows-x86_64\mtx\log.obj
c:\dev\mtx_engine\build\debug-windows-x86_64\mtx\application.obj
c:\dev\mtx_engine\mtx\vertexshader.cso
c:\dev\mtx_engine\bin\debug-windows-x86_64\mtx\mtx.lib
c:\dev\mtx_engine\build\debug-windows-x86_64\mtx\mtx.res
c:\dev\mtx_engine\mtx\..\bin\debug-windows-x86_64\mtx\mtx.lib
c:\dev\mtx_engine\build\debug-windows-x86_64\mtx\mtx.tlog\cl.command.1.tlog
c:\dev\mtx_engine\build\debug-windows-x86_64\mtx\mtx.tlog\cl.read.1.tlog
c:\dev\mtx_engine\build\debug-windows-x86_64\mtx\mtx.tlog\cl.write.1.tlog
c:\dev\mtx_engine\build\debug-windows-x86_64\mtx\mtx.tlog\fxc.command.1.tlog
c:\dev\mtx_engine\build\debug-windows-x86_64\mtx\mtx.tlog\fxc.read.1.tlog
c:\dev\mtx_engine\build\debug-windows-x86_64\mtx\mtx.tlog\fxc.write.1.tlog
c:\dev\mtx_engine\build\debug-windows-x86_64\mtx\mtx.tlog\lib-link-cvtres.read.1.tlog
c:\dev\mtx_engine\build\debug-windows-x86_64\mtx\mtx.tlog\lib-link-cvtres.write.1.tlog
c:\dev\mtx_engine\build\debug-windows-x86_64\mtx\mtx.tlog\lib.command.1.tlog
c:\dev\mtx_engine\build\debug-windows-x86_64\mtx\mtx.tlog\rc.command.1.tlog
c:\dev\mtx_engine\build\debug-windows-x86_64\mtx\mtx.tlog\rc.read.1.tlog
c:\dev\mtx_engine\build\debug-windows-x86_64\mtx\mtx.tlog\rc.write.1.tlog
